<?xml version="1.0" encoding="UTF-8"?>
<!-- Generated by org.testng.reporters.JUnitReportReporter -->
<testsuite hostname="DESKTOP-PINL3IF" failures="0" tests="1" name="Testpackage.TestKite" time="6.917" errors="0" timestamp="2022-08-02T09:11:32 IST" skipped="0">
  <testcase classname="Testpackage.TestKite" name="main_TC" time="6.917"/>
  <system-out/>
</testsuite> <!-- Testpackage.TestKite -->
