<?xml version="1.0" encoding="UTF-8"?>
<!-- Generated by org.testng.reporters.JUnitReportReporter -->
<testsuite hostname="DESKTOP-PINL3IF" failures="0" tests="1" name="POM_With_TestNG.Testng_Test" time="5.416" errors="0" timestamp="2022-07-31T08:23:27 IST" skipped="0">
  <testcase classname="POM_With_TestNG.Testng_Test" name="maincase" time="5.416"/>
  <system-out/>
</testsuite> <!-- POM_With_TestNG.Testng_Test -->
